<?xml version="1.0" encoding="UTF-8"?>
<!-- Generated by org.testng.reporters.JUnitXMLReporter -->
<testsuite ignored="0" hostname="LAPTOP-L08N3MBO" failures="0" tests="3" name="Default test" time="11.497" errors="0" timestamp="2025-04-23T12:00:33 TOT">
  <testcase classname="practicemaven.Class1" name="browserlaunch" time="5.175"/>
  <testcase classname="practicemaven.Class1" name="vadilation" time="5.681"/>
  <testcase classname="practicemaven.Class1" name="logout" time="0.584"/>
</testsuite> <!-- Default test -->
