<?xml version="1.0" encoding="UTF-8"?>
<!-- Generated by org.testng.reporters.JUnitXMLReporter -->
<testsuite ignored="0" hostname="LAPTOP-L08N3MBO" failures="0" tests="3" name="Test" time="12.69" errors="0" timestamp="2025-04-23T12:20:25 TOT">
  <testcase classname="practicemaven.Class1" name="browserlaunch" time="5.773"/>
  <testcase classname="practicemaven.Class1" name="vadilation" time="3.312"/>
  <testcase classname="practicemaven.Class1" name="logout" time="3.565"/>
</testsuite> <!-- Test -->
