<?xml version="1.0" encoding="UTF-8"?>
<testng-results ignored="0" total="3" passed="3" failed="0" skipped="0">
  <reporter-output>
  </reporter-output>
  <suite started-at="2025-04-23T12:01:49 TOT" name="Suite" finished-at="2025-04-23T12:02:00 TOT" duration-ms="11955">
    <groups>
    </groups>
    <test started-at="2025-04-23T12:01:49 TOT" name="Test" finished-at="2025-04-23T12:02:00 TOT" duration-ms="11955">
      <class name="practicemaven.Class1">
        <test-method signature="browserlaunch()[pri:1, instance:practicemaven.Class1@4802796d]" started-at="2025-04-23T12:01:49 TOT" name="browserlaunch" finished-at="2025-04-23T12:01:54 TOT" duration-ms="4968" status="PASS">
          <reporter-output>
          </reporter-output>
        </test-method> <!-- browserlaunch -->
        <test-method signature="vadilation()[pri:2, instance:practicemaven.Class1@4802796d]" started-at="2025-04-23T12:01:54 TOT" name="vadilation" finished-at="2025-04-23T12:01:57 TOT" duration-ms="3252" status="PASS">
          <reporter-output>
          </reporter-output>
        </test-method> <!-- vadilation -->
        <test-method signature="logout()[pri:3, instance:practicemaven.Class1@4802796d]" started-at="2025-04-23T12:01:57 TOT" name="logout" finished-at="2025-04-23T12:02:00 TOT" duration-ms="3678" status="PASS">
          <reporter-output>
          </reporter-output>
        </test-method> <!-- logout -->
      </class> <!-- practicemaven.Class1 -->
    </test> <!-- Test -->
  </suite> <!-- Suite -->
</testng-results>
