<?xml version="1.0" encoding="UTF-8"?>
<!-- Generated by org.testng.reporters.JUnitReportReporter -->
<testsuite hostname="LAPTOP-L08N3MBO" failures="0" tests="3" name="practicemaven.Class1" time="11.898" errors="0" timestamp="2025-04-23T12:02:01 TOT" skipped="0">
  <testcase classname="practicemaven.Class1" name="browserlaunch" time="4.968"/>
  <testcase classname="practicemaven.Class1" name="vadilation" time="3.252"/>
  <testcase classname="practicemaven.Class1" name="logout" time="3.678"/>
</testsuite> <!-- practicemaven.Class1 -->
