<?xml version="1.0" encoding="UTF-8"?>
<!-- Generated by org.testng.reporters.JUnitReportReporter -->
<testsuite hostname="LAPTOP-L08N3MBO" failures="0" tests="3" name="practicemaven.Class1" time="12.650" errors="0" timestamp="2025-04-23T12:20:26 TOT" skipped="0">
  <testcase classname="practicemaven.Class1" name="browserlaunch" time="5.773"/>
  <testcase classname="practicemaven.Class1" name="vadilation" time="3.312"/>
  <testcase classname="practicemaven.Class1" name="logout" time="3.565"/>
</testsuite> <!-- practicemaven.Class1 -->
